 python main.py
/home/runner/workspace/src/pdf_processor.py:16: LangChainDeprecationWarning: Importing PyPDFLoader from langchain.document_loaders is deprecated. Please replace deprecated imports:

>> from langchain.document_loaders import PyPDFLoader

with new imports of:

>> from langchain_community.document_loaders import PyPDFLoader
You can use the langchain cli to **automatically** upgrade many imports. Please see documentation here <https://python.langchain.com/docs/versions/v0_2/>
  from langchain.document_loaders import PyPDFLoader
/home/runner/workspace/src/pdf_processor.py:18: LangChainDeprecationWarning: Importing Chroma from langchain.vectorstores is deprecated. Please replace deprecated imports:

>> from langchain.vectorstores import Chroma

with new imports of:

>> from langchain_community.vectorstores import Chroma
You can use the langchain cli to **automatically** upgrade many imports. Please see documentation here <https://python.langchain.com/docs/versions/v0_2/>
  from langchain.vectorstores import Chroma
/home/runner/workspace/src/pdf_processor.py:19: LangChainDeprecationWarning: Importing OpenAIEmbeddings from langchain.embeddings is deprecated. Please replace deprecated imports:

>> from langchain.embeddings import OpenAIEmbeddings

with new imports of:

>> from langchain_community.embeddings import OpenAIEmbeddings
You can use the langchain cli to **automatically** upgrade many imports. Please see documentation here <https://python.langchain.com/docs/versions/v0_2/>
  from langchain.embeddings import OpenAIEmbeddings
/home/runner/workspace/src/pdf_processor.py:29: LangChainDeprecationWarning: The class `OpenAIEmbeddings` was deprecated in LangChain 0.0.9 and will be removed in 1.0. An updated version of the class exists in the :class:`~langchain-openai package and should be used instead. To use it run `pip install -U :class:`~langchain-openai` and import as `from :class:`~langchain_openai import OpenAIEmbeddings``.
  self.embeddings = OpenAIEmbeddings()
Traceback (most recent call last):
  File "/home/runner/workspace/.pythonlibs/lib/python3.11/site-packages/langchain_community/document_loaders/pdf.py", line 258, in __init__
    import pypdf  # noqa:F401
    ^^^^^^^^^^^^
ModuleNotFoundError: No module named 'pypdf'

During handling of the above exception, another exception occurred:

Traceback (most recent call last):
  File "/home/runner/workspace/main.py", line 29, in <module>
    main()
  File "/home/runner/workspace/main.py", line 16, in main
    current_chunks = processor.load_pdf(current_pdf)
                     ^^^^^^^^^^^^^^^^^^^^^^^^^^^^^^^
  File "/home/runner/workspace/src/pdf_processor.py", line 33, in load_pdf
    loader = PyPDFLoader(file_path)
             ^^^^^^^^^^^^^^^^^^^^^^
  File "/home/runner/workspace/.pythonlibs/lib/python3.11/site-packages/langchain_community/document_loaders/pdf.py", line 260, in __init__
    raise ImportError(
ImportError: pypdf package not found, please install it with `pip install pypdf`
~/workspace$ 